[INFO ] 2015-12-10 08:11:57.643 [main] OperandoProxy - = 8
[INFO ] 2015-12-10 08:11:57.659 [main] OperandoProxy - = 3
[INFO ] 2015-12-10 08:11:57.659 [main] OperandoProxy - = 6
[INFO ] 2015-12-10 08:11:57.659 [main] OperandoMultiplicacaoProxy - *= 18
[INFO ] 2015-12-10 08:11:57.659 [main] OperandoSomaProxy - += 26
[INFO ] 2015-12-10 08:11:57.659 [main] FacadeInterpretaExpressao - Calculando: 94*37*-
[INFO ] 2015-12-10 08:11:57.659 [main] OperandoProxy - = 9
[INFO ] 2015-12-10 08:11:57.659 [main] OperandoProxy - = 4
[INFO ] 2015-12-10 08:11:57.659 [main] OperandoMultiplicacaoProxy - *= 36
[INFO ] 2015-12-10 08:11:57.659 [main] OperandoProxy - = 3
[INFO ] 2015-12-10 08:11:57.659 [main] OperandoProxy - = 7
[INFO ] 2015-12-10 08:11:57.659 [main] OperandoMultiplicacaoProxy - *= 21
[INFO ] 2015-12-10 08:11:57.659 [main] OperandoSubtracaoProxy - -= 15
[INFO ] 2015-12-10 08:11:57.659 [main] FacadeInterpretaExpressao - Calculando: 96+
[INFO ] 2015-12-10 08:11:57.659 [main] OperandoProxy - = 9
[INFO ] 2015-12-10 08:11:57.659 [main] OperandoProxy - = 6
[INFO ] 2015-12-10 08:11:57.659 [main] OperandoSomaProxy - += 15
[INFO ] 2015-12-10 08:11:57.659 [main] FacadeInterpretaExpressao - Calculando: 512++
[INFO ] 2015-12-10 08:11:57.659 [main] OperandoProxy - = 5
[INFO ] 2015-12-10 08:11:57.659 [main] OperandoProxy - = 1
[INFO ] 2015-12-10 08:11:57.659 [main] OperandoProxy - = 2
[INFO ] 2015-12-10 08:11:57.659 [main] OperandoSomaProxy - += 3
[INFO ] 2015-12-10 08:11:57.659 [main] OperandoSomaProxy - += 8
[INFO ] 2015-12-10 08:11:57.659 [main] FacadeInterpretaExpressao - Calculando: 55/6*
[INFO ] 2015-12-10 08:11:57.659 [main] OperandoProxy - = 5
[INFO ] 2015-12-10 08:11:57.659 [main] OperandoProxy - = 5
[INFO ] 2015-12-10 08:11:57.659 [main] OperandoDivisaoProxy - /= 1
[INFO ] 2015-12-10 08:11:57.659 [main] OperandoProxy - = 6
[INFO ] 2015-12-10 08:11:57.659 [main] OperandoMultiplicacaoProxy - *= 6
[INFO ] 2015-12-10 08:11:57.659 [main] FacadeInterpretaExpressao - Calculando: 91*512++-
[INFO ] 2015-12-10 08:11:57.659 [main] OperandoProxy - = 9
[INFO ] 2015-12-10 08:11:57.659 [main] OperandoProxy - = 1
[INFO ] 2015-12-10 08:11:57.659 [main] OperandoMultiplicacaoProxy - *= 9
[INFO ] 2015-12-10 08:11:57.659 [main] OperandoProxy - = 5
[INFO ] 2015-12-10 08:11:57.659 [main] OperandoProxy - = 1
[INFO ] 2015-12-10 08:11:57.659 [main] OperandoProxy - = 2
[INFO ] 2015-12-10 08:11:57.659 [main] OperandoSomaProxy - += 3
[INFO ] 2015-12-10 08:11:57.659 [main] OperandoSomaProxy - += 8
[INFO ] 2015-12-10 08:11:57.659 [main] OperandoSubtracaoProxy - -= 1
[INFO ] 2015-12-10 08:11:57.659 [main] FacadeInterpretaExpressao - Calculando: 36-91+*
[INFO ] 2015-12-10 08:11:57.659 [main] OperandoProxy - = 3
[INFO ] 2015-12-10 08:11:57.659 [main] OperandoProxy - = 6
[INFO ] 2015-12-10 08:11:57.659 [main] OperandoSubtracaoProxy - -= -3
[INFO ] 2015-12-10 08:11:57.659 [main] OperandoProxy - = 9
[INFO ] 2015-12-10 08:11:57.659 [main] OperandoProxy - = 1
[INFO ] 2015-12-10 08:11:57.659 [main] OperandoSomaProxy - += 10
[INFO ] 2015-12-10 08:11:57.659 [main] OperandoMultiplicacaoProxy - *= -30
